2015-10-02 15:15:22: -- Analysis Started by User
2015-10-02 15:15:22: Direita: State file does not exist: //TECNICA/WEBNUCLEO/_gsdata_/_file_state_v4._gs
2015-10-02 15:15:24: Alterações: 56, Conflitos: 0, TempoCópia: 0, EstadoCópia: 2.864/0, Erros: 0, All: 2922
2015-10-02 15:15:24: Left to Right: Copy File: 15 Delete File: 41 Copy State: 2864 
2015-10-02 15:15:24: ----- Análise Completada. Tempo 00:00:03, Velocidade: 974 arquivos/s -----
2015-10-02 15:15:24: 
2015-10-02 15:15:41: New _gsdata_ folder(s) created, so rescan all job folders for their ghosts
2015-10-02 15:15:41: == Sync Started by User
2015-10-02 15:15:50: Deletar Arquivo '//TECNICA/WEBNUCLEO/SQL_INSERT/MOVTO_COMISSAO.log'
2015-10-02 15:15:50: Deletar Arquivo '//TECNICA/WEBNUCLEO/SQL_INSERT/MOVTO_ESTOQUE.log'
2015-10-02 15:15:50: Deletar Arquivo '//TECNICA/WEBNUCLEO/SQL_INSERT/MOVTO_FINANCEIRO_PORTADOR.log'
2015-10-02 15:15:50: Deletar Arquivo '//TECNICA/WEBNUCLEO/SQL_INSERT/MOVTO_FINANCEIRO_TITULO.log'
2015-10-02 15:15:50: Deletar Arquivo '//TECNICA/WEBNUCLEO/SQL_INSERT/NOTAF_SAI_BASE_OBS.log'
2015-10-02 15:15:50: Deletar Arquivo '//TECNICA/WEBNUCLEO/SQL_INSERT/NOTAF_SAI_CUSTOS.log'
2015-10-02 15:15:50: Deletar Arquivo '//TECNICA/WEBNUCLEO/SQL_INSERT/NOTAF_SAI_IMPOSTOS.log'
2015-10-02 15:15:50: Deletar Arquivo '//TECNICA/WEBNUCLEO/SQL_INSERT/NOTAF_SAI_ITEM.log'
2015-10-02 15:15:50: Deletar Arquivo '//TECNICA/WEBNUCLEO/SQL_INSERT/nucleo/movto_financeiro_lancamentos.sql'
2015-10-02 15:15:50: Deletar Arquivo '//TECNICA/WEBNUCLEO/SQL_INSERT/nucleo/notaf_sai_impostos.sql'
2015-10-02 15:15:50: Deletar Arquivo '//TECNICA/WEBNUCLEO/SQL_INSERT/null'
2015-10-02 15:15:50: Deletar Arquivo '//TECNICA/WEBNUCLEO/SQL_INSERT/NUMEROS_VOLUMES.log'
2015-10-02 15:15:50: Deletar Arquivo '//TECNICA/WEBNUCLEO/SQL_INSERT/PED_VEN_FRETE.log'
2015-10-02 15:15:50: Deletar Arquivo '//TECNICA/WEBNUCLEO/SQL_INSERT/resolpec/movto_comissao.sql'
2015-10-02 15:15:50: Deletar Arquivo '//TECNICA/WEBNUCLEO/SQL_INSERT/resolpec/movto_estoque.sql'
2015-10-02 15:15:50: Deletar Arquivo '//TECNICA/WEBNUCLEO/SQL_INSERT/resolpec/movto_financeiro_portador.sql'
2015-10-02 15:15:50: Deletar Arquivo '//TECNICA/WEBNUCLEO/SQL_INSERT/resolpec/movto_financeiro_titulo.sql'
2015-10-02 15:15:50: Deletar Arquivo '//TECNICA/WEBNUCLEO/SQL_INSERT/resolpec/notaf_sai_base_obs.sql'
2015-10-02 15:15:50: Deletar Arquivo '//TECNICA/WEBNUCLEO/SQL_INSERT/resolpec/notaf_sai_custos.sql'
2015-10-02 15:15:50: Deletar Arquivo '//TECNICA/WEBNUCLEO/SQL_INSERT/resolpec/notaf_sai_impostos.sql'
2015-10-02 15:15:50: Deletar Arquivo '//TECNICA/WEBNUCLEO/SQL_INSERT/resolpec/notaf_sai_item.sql'
2015-10-02 15:15:50: Deletar Arquivo '//TECNICA/WEBNUCLEO/SQL_INSERT/resolpec/numeros_volumes.sql'
2015-10-02 15:15:50: Deletar Arquivo '//TECNICA/WEBNUCLEO/SQL_INSERT/resolpec/ped_ven_frete.sql'
2015-10-02 15:15:50: Deletar Arquivo '//TECNICA/WEBNUCLEO/unload/arquivos.csv'
2015-10-02 15:15:50: Deletar Arquivo '//TECNICA/WEBNUCLEO/unload/movto_comissao.csv'
2015-10-02 15:15:50: Deletar Arquivo '//TECNICA/WEBNUCLEO/unload/movto_estoque.csv'
2015-10-02 15:15:50: Deletar Arquivo '//TECNICA/WEBNUCLEO/unload/movto_financeiro_lancamentos.csv'
2015-10-02 15:15:50: Deletar Arquivo '//TECNICA/WEBNUCLEO/unload/movto_financeiro_portador.csv'
2015-10-02 15:15:50: Deletar Arquivo '//TECNICA/WEBNUCLEO/unload/movto_financeiro_titulo.csv'
2015-10-02 15:15:50: Deletar Arquivo '//TECNICA/WEBNUCLEO/unload/notaf_sai_base.csv'
2015-10-02 15:15:50: Deletar Arquivo '//TECNICA/WEBNUCLEO/unload/notaf_sai_base_obs.csv'
2015-10-02 15:15:50: Deletar Arquivo '//TECNICA/WEBNUCLEO/unload/notaf_sai_custos.csv'
2015-10-02 15:15:50: Deletar Arquivo '//TECNICA/WEBNUCLEO/unload/notaf_sai_eletronica.csv'
2015-10-02 15:15:50: Deletar Arquivo '//TECNICA/WEBNUCLEO/unload/notaf_sai_embalagem.csv'
2015-10-02 15:15:50: Deletar Arquivo '//TECNICA/WEBNUCLEO/unload/notaf_sai_frete.csv'
2015-10-02 15:15:50: Deletar Arquivo '//TECNICA/WEBNUCLEO/unload/notaf_sai_impostos.csv'
2015-10-02 15:15:50: Deletar Arquivo '//TECNICA/WEBNUCLEO/unload/notaf_sai_item.csv'
2015-10-02 15:15:50: Deletar Arquivo '//TECNICA/WEBNUCLEO/unload/numeros_volumes.csv'
2015-10-02 15:15:50: Deletar Arquivo '//TECNICA/WEBNUCLEO/unload/ped_ven_frete.csv'
2015-10-02 15:15:50: Deletar Arquivo '//TECNICA/WEBNUCLEO/unload/ped_ven_item.csv'
2015-10-02 15:15:50: Deletar Arquivo '//TECNICA/WEBNUCLEO/unload/ped_ven_valor_agregado.csv'
2015-10-02 15:15:51: Copiar Sobre 'D:/SCRIPTS_ORACLE/ajax_stream.php' -> '//TECNICA/WEBNUCLEO/ajax_stream.php'
2015-10-02 15:15:51: Copiar Sobre 'D:/SCRIPTS_ORACLE/compara_bases.php' -> '//TECNICA/WEBNUCLEO/compara_bases.php'
2015-10-02 15:15:51: Copiar Sobre 'D:/SCRIPTS_ORACLE/empresa_banco_new.php' -> '//TECNICA/WEBNUCLEO/empresa_banco_new.php'
2015-10-02 15:15:51: Copiar Novo 'D:/SCRIPTS_ORACLE/img/nucleo.gif' -> '//TECNICA/WEBNUCLEO/img/nucleo.gif'
2015-10-02 15:15:51: Copiar Sobre 'D:/SCRIPTS_ORACLE/inc/parametro.sqlite' -> '//TECNICA/WEBNUCLEO/inc/parametro.sqlite'
2015-10-02 15:15:51: Copiar Novo 'D:/SCRIPTS_ORACLE/index_new.php' -> '//TECNICA/WEBNUCLEO/index_new.php'
2015-10-02 15:15:52: Copiar Sobre 'D:/SCRIPTS_ORACLE/load_dados_direto.php' -> '//TECNICA/WEBNUCLEO/load_dados_direto.php'
2015-10-02 15:15:52: Copiar Sobre 'D:/SCRIPTS_ORACLE/load_dados_direto_fb_ora.php' -> '//TECNICA/WEBNUCLEO/load_dados_direto_fb_ora.php'
2015-10-02 15:15:52: Copiar Sobre 'D:/SCRIPTS_ORACLE/load_dados_falta_firebird.php' -> '//TECNICA/WEBNUCLEO/load_dados_falta_firebird.php'
2015-10-02 15:15:52: Copiar Sobre 'D:/SCRIPTS_ORACLE/nucleo.sublime-workspace' -> '//TECNICA/WEBNUCLEO/nucleo.sublime-workspace'
2015-10-02 15:15:52: Copiar Sobre 'D:/SCRIPTS_ORACLE/SQL_INSERT/final.sql' -> '//TECNICA/WEBNUCLEO/SQL_INSERT/final.sql'
2015-10-02 15:15:52: Copiar Sobre 'D:/SCRIPTS_ORACLE/SQL_INSERT/geral.sql' -> '//TECNICA/WEBNUCLEO/SQL_INSERT/geral.sql'
2015-10-02 15:15:52: Copiar Novo 'D:/SCRIPTS_ORACLE/SQL_INSERT/MOVTO_FINANCEIRO_BANCO.log' -> '//TECNICA/WEBNUCLEO/SQL_INSERT/MOVTO_FINANCEIRO_BANCO.log'
2015-10-02 15:15:52: Copiar Novo 'D:/SCRIPTS_ORACLE/trancados.php' -> '//TECNICA/WEBNUCLEO/trancados.php'
2015-10-02 15:15:52: Copiar Sobre 'D:/SCRIPTS_ORACLE/Web.sublime-workspace' -> '//TECNICA/WEBNUCLEO/Web.sublime-workspace'
2015-10-02 15:15:52: ===== Sincronia Completada. Tempo: 00:00:12, Velocidade: 158 KB/s =====, Itens Sincronizados OK: 2.920, Erros: 0
2015-10-02 15:15:52: 
