
SQL*Loader: Release 12.2.0.1.0 - Production on Mon Apr 15 13:50:57 2019

Copyright (c) 1982, 2017, Oracle and/or its affiliates.  All rights reserved.

Control File:   fornec.ctl
Data File:      FORNECEDORES.txt
  Bad File:     fornec.bad
  Discard File: fornec.dsc 
 (Allow 10 discards)

Number to load: ALL
Number to skip: 0
Errors allowed: 50000
Bind array:     64 rows, maximum of 256000 bytes
Continuation:    none specified
Path used:      Conventional

Table FORNEC, loaded from every logical record.
Insert option in effect for this table: APPEND

   Column Name                  Position   Len  Term Encl Datatype
------------------------------ ---------- ----- ---- ---- ---------------------
NR_CPF_CGC                          FIRST     *   ;       CHARACTER            
TP_FAVORECIDO_D                      NEXT     *   ;       CHARACTER            
NM_FAVORECIDO                        NEXT     *   ;       CHARACTER            
TX_ENDERECO                          NEXT     *   ;       CHARACTER            
NR_TELEFONE                          NEXT     *   ;       CHARACTER            
TX_CIDADE                            NEXT     *   ;       CHARACTER            
NR_BANCO                             NEXT     *   ;       CHARACTER            
NR_AGENCIA                           NEXT     *   ;       CHARACTER            
SG_UF                                NEXT     *   ;       CHARACTER            
NR_CTA_CORRENTE                      NEXT     *   ;       CHARACTER            
NR_CEP                               NEXT     *   ;       CHARACTER            
NR_INSCR_MUNICIPAL                   NEXT     *   ;       CHARACTER            
NR_INSCR_ESTADUAL                    NEXT     *   ;       CHARACTER            
TP_RAMO_ATIV_D                       NEXT     *   ;       CHARACTER            
IN_SUSPENSAO_D                       NEXT     *   ;       CHARACTER            
UG_CD_UG_SUSPEN                      NEXT     *   ;       CHARACTER            
IN_COLETIVO_D                        NEXT     *   ;       CHARACTER            
IN_EVENTUAL_D                        NEXT     *   ;       CHARACTER            
ST_ATIVO                             NEXT     *   ;       CHARACTER            
DT_DESATIVACAO                       NEXT     *   ;       CHARACTER            
    SQL string for column : "to_date (:dt_desativacao, 'dd/mm/rrrr hh24:mi:ss')"
NR_AGENCIA_DIR                       NEXT     *   ;       CHARACTER            
NR_BANCO_DIR                         NEXT     *   ;       CHARACTER            
NR_CTA_CORRENTE_DIR                  NEXT     *   ;       CHARACTER            
CD_ORIGEM                            NEXT     *   ;       CHARACTER            
TP_NAT_JURIDICA                      NEXT     *   ;       CHARACTER            
FL_ZONAFRANCASOCIAL                  NEXT     *   ;       CHARACTER            

value used for ROWS parameter changed from 64 to 38
Record 1: Rejected - Error on table FORNEC, column DT_DESATIVACAO.
ORA-01858: a non-numeric character was found where a numeric was expected

Record 14097: Rejected - Error on table FORNEC, column DT_DESATIVACAO.
ORA-01858: a non-numeric character was found where a numeric was expected

Record 19419: Rejected - Error on table FORNEC, column NR_TELEFONE.
Column not found before end of logical record (use TRAILING NULLCOLS)
Record 19420: Rejected - Error on table FORNEC, column TP_NAT_JURIDICA.
Column not found before end of logical record (use TRAILING NULLCOLS)
Record 30857: Rejected - Error on table FORNEC, column NR_TELEFONE.
Column not found before end of logical record (use TRAILING NULLCOLS)
Record 30858: Rejected - Error on table FORNEC, column TP_NAT_JURIDICA.
Column not found before end of logical record (use TRAILING NULLCOLS)
Record 30864: Rejected - Error on table FORNEC, column NR_TELEFONE.
Column not found before end of logical record (use TRAILING NULLCOLS)
Record 30865: Rejected - Error on table FORNEC, column TP_NAT_JURIDICA.
Column not found before end of logical record (use TRAILING NULLCOLS)

Table FORNEC:
  97375 Rows successfully loaded.
  8 Rows not loaded due to data errors.
  0 Rows not loaded because all WHEN clauses were failed.
  0 Rows not loaded because all fields were null.


Space allocated for bind array:                 254904 bytes(38 rows)
Read   buffer bytes: 1048576

Total logical records skipped:          0
Total logical records read:         97383
Total logical records rejected:         8
Total logical records discarded:        0

Run began on Mon Apr 15 13:50:57 2019
Run ended on Mon Apr 15 13:51:02 2019

Elapsed time was:     00:00:05.02
CPU time was:         00:00:01.70
